# JRE version: OpenJDK Runtime Environment 
# Java VM: OpenJDK 64-Bit Server VM (12.0.1+12, mixed mode, sharing, tiered, compressed oops, g1 gc, linux-amd64)
Heap:
 garbage-first heap   total 65536K, used 43076K [0x00000000fc000000, 0x0000000100000000)
  region size 1024K, 16 young (16384K), 1 survivors (1024K)
 Metaspace       used 24563K, capacity 25088K, committed 25600K, reserved 1073152K
  class space    used 2480K, capacity 2659K, committed 2816K, reserved 1048576K
GC Heap History (10 events):
Event: 6365.244 GC heap before
{Heap before GC invocations=1032 (full 0):
 garbage-first heap   total 65536K, used 52116K [0x00000000fc000000, 0x0000000100000000)
  region size 1024K, 24 young (24576K), 1 survivors (1024K)
 Metaspace       used 24517K, capacity 25035K, committed 25600K, reserved 1073152K
  class space    used 2469K, capacity 2640K, committed 2816K, reserved 1048576K
}
Event: 6365.246 GC heap after
{Heap after GC invocations=1033 (full 0):
 garbage-first heap   total 65536K, used 29615K [0x00000000fc000000, 0x0000000100000000)
  region size 1024K, 1 young (1024K), 1 survivors (1024K)
 Metaspace       used 24517K, capacity 25035K, committed 25600K, reserved 1073152K
  class space    used 2469K, capacity 2640K, committed 2816K, reserved 1048576K
}
Event: 6471.076 GC heap before
{Heap before GC invocations=1033 (full 0):
 garbage-first heap   total 65536K, used 52143K [0x00000000fc000000, 0x0000000100000000)
  region size 1024K, 24 young (24576K), 1 survivors (1024K)
 Metaspace       used 24517K, capacity 25035K, committed 25600K, reserved 1073152K
  class space    used 2469K, capacity 2640K, committed 2816K, reserved 1048576K
}
Event: 6471.084 GC heap after
{Heap after GC invocations=1034 (full 0):
 garbage-first heap   total 65536K, used 29667K [0x00000000fc000000, 0x0000000100000000)
  region size 1024K, 1 young (1024K), 1 survivors (1024K)
 Metaspace       used 24517K, capacity 25035K, committed 25600K, reserved 1073152K
  class space    used 2469K, capacity 2640K, committed 2816K, reserved 1048576K
}
Event: 6471.295 GC heap before
{Heap before GC invocations=1034 (full 0):
 garbage-first heap   total 65536K, used 52195K [0x00000000fc000000, 0x0000000100000000)
  region size 1024K, 24 young (24576K), 1 survivors (1024K)
 Metaspace       used 24509K, capacity 25023K, committed 25600K, reserved 1073152K
  class space    used 2468K, capacity 2638K, committed 2816K, reserved 1048576K
}
Event: 6471.298 GC heap after
{Heap after GC invocations=1035 (full 0):
 garbage-first heap   total 65536K, used 29583K [0x00000000fc000000, 0x0000000100000000)
  region size 1024K, 1 young (1024K), 1 survivors (1024K)
 Metaspace       used 24509K, capacity 25023K, committed 25600K, reserved 1073152K
  class space    used 2468K, capacity 2638K, committed 2816K, reserved 1048576K
}
Event: 6474.813 GC heap before
{Heap before GC invocations=1036 (full 0):
 garbage-first heap   total 65536K, used 52111K [0x00000000fc000000, 0x0000000100000000)
  region size 1024K, 24 young (24576K), 1 survivors (1024K)
 Metaspace       used 24509K, capacity 25023K, committed 25600K, reserved 1073152K
  class space    used 2468K, capacity 2638K, committed 2816K, reserved 1048576K
}
Event: 6474.926 GC heap after
{Heap after GC invocations=1037 (full 0):
 garbage-first heap   total 65536K, used 29714K [0x00000000fc000000, 0x0000000100000000)
  region size 1024K, 1 young (1024K), 1 survivors (1024K)
 Metaspace       used 24509K, capacity 25023K, committed 25600K, reserved 1073152K
  class space    used 2468K, capacity 2638K, committed 2816K, reserved 1048576K
}
Event: 6475.302 GC heap before
{Heap before GC invocations=1037 (full 0):
 garbage-first heap   total 65536K, used 31762K [0x00000000fc000000, 0x0000000100000000)
  region size 1024K, 3 young (3072K), 1 survivors (1024K)
 Metaspace       used 24509K, capacity 25023K, committed 25600K, reserved 1073152K
  class space    used 2468K, capacity 2638K, committed 2816K, reserved 1048576K
}
Event: 6475.521 GC heap after
{Heap after GC invocations=1038 (full 0):
 garbage-first heap   total 65536K, used 28740K [0x00000000fc000000, 0x0000000100000000)
  region size 1024K, 1 young (1024K), 1 survivors (1024K)
 Metaspace       used 24509K, capacity 25023K, committed 25600K, reserved 1073152K
  class space    used 2468K, capacity 2638K, committed 2816K, reserved 1048576K
}

