# JRE version: OpenJDK Runtime Environment 
# Java VM: OpenJDK 64-Bit Server VM (12.0.1+12, mixed mode, sharing, tiered, compressed oops, g1 gc, linux-amd64)
Heap:
 garbage-first heap   total 18432K, used 5069K [0x00000000fc000000, 0x0000000100000000)
  region size 1024K, 3 young (3072K), 1 survivors (1024K)
 Metaspace       used 3868K, capacity 5758K, committed 5888K, reserved 1056768K
  class space    used 385K, capacity 652K, committed 768K, reserved 1048576K
GC Heap History (10 events):
Event: 288.460 GC heap before
{Heap before GC invocations=2 (full 0):
 garbage-first heap   total 18432K, used 8221K [0x00000000fc000000, 0x0000000100000000)
  region size 1024K, 6 young (6144K), 1 survivors (1024K)
 Metaspace       used 3821K, capacity 5732K, committed 5888K, reserved 1056768K
  class space    used 379K, capacity 645K, committed 768K, reserved 1048576K
}
Event: 288.461 GC heap after
{Heap after GC invocations=3 (full 0):
 garbage-first heap   total 18432K, used 4218K [0x00000000fc000000, 0x0000000100000000)
  region size 1024K, 1 young (1024K), 1 survivors (1024K)
 Metaspace       used 3821K, capacity 5732K, committed 5888K, reserved 1056768K
  class space    used 379K, capacity 645K, committed 768K, reserved 1048576K
}
Event: 632.682 GC heap before
{Heap before GC invocations=3 (full 0):
 garbage-first heap   total 18432K, used 9338K [0x00000000fc000000, 0x0000000100000000)
  region size 1024K, 6 young (6144K), 1 survivors (1024K)
 Metaspace       used 3821K, capacity 5732K, committed 5888K, reserved 1056768K
  class space    used 379K, capacity 645K, committed 768K, reserved 1048576K
}
Event: 632.682 GC heap after
{Heap after GC invocations=4 (full 0):
 garbage-first heap   total 18432K, used 4071K [0x00000000fc000000, 0x0000000100000000)
  region size 1024K, 1 young (1024K), 1 survivors (1024K)
 Metaspace       used 3821K, capacity 5732K, committed 5888K, reserved 1056768K
  class space    used 379K, capacity 645K, committed 768K, reserved 1048576K
}
Event: 974.664 GC heap before
{Heap before GC invocations=4 (full 0):
 garbage-first heap   total 18432K, used 9191K [0x00000000fc000000, 0x0000000100000000)
  region size 1024K, 6 young (6144K), 1 survivors (1024K)
 Metaspace       used 3839K, capacity 5736K, committed 5888K, reserved 1056768K
  class space    used 379K, capacity 645K, committed 768K, reserved 1048576K
}
Event: 974.664 GC heap after
{Heap after GC invocations=5 (full 0):
 garbage-first heap   total 18432K, used 4049K [0x00000000fc000000, 0x0000000100000000)
  region size 1024K, 1 young (1024K), 1 survivors (1024K)
 Metaspace       used 3839K, capacity 5736K, committed 5888K, reserved 1056768K
  class space    used 379K, capacity 645K, committed 768K, reserved 1048576K
}
Event: 1389.699 GC heap before
{Heap before GC invocations=5 (full 0):
 garbage-first heap   total 18432K, used 10193K [0x00000000fc000000, 0x0000000100000000)
  region size 1024K, 7 young (7168K), 1 survivors (1024K)
 Metaspace       used 3839K, capacity 5736K, committed 5888K, reserved 1056768K
  class space    used 379K, capacity 645K, committed 768K, reserved 1048576K
}
Event: 1389.700 GC heap after
{Heap after GC invocations=6 (full 0):
 garbage-first heap   total 18432K, used 4043K [0x00000000fc000000, 0x0000000100000000)
  region size 1024K, 1 young (1024K), 1 survivors (1024K)
 Metaspace       used 3839K, capacity 5736K, committed 5888K, reserved 1056768K
  class space    used 379K, capacity 645K, committed 768K, reserved 1048576K
}
Event: 1791.976 GC heap before
{Heap before GC invocations=6 (full 0):
 garbage-first heap   total 18432K, used 10187K [0x00000000fc000000, 0x0000000100000000)
  region size 1024K, 7 young (7168K), 1 survivors (1024K)
 Metaspace       used 3839K, capacity 5736K, committed 5888K, reserved 1056768K
  class space    used 379K, capacity 645K, committed 768K, reserved 1048576K
}
Event: 1791.977 GC heap after
{Heap after GC invocations=7 (full 0):
 garbage-first heap   total 18432K, used 4045K [0x00000000fc000000, 0x0000000100000000)
  region size 1024K, 1 young (1024K), 1 survivors (1024K)
 Metaspace       used 3839K, capacity 5736K, committed 5888K, reserved 1056768K
  class space    used 379K, capacity 645K, committed 768K, reserved 1048576K
}

