# JRE version: OpenJDK Runtime Environment 
# Java VM: OpenJDK 64-Bit Server VM (12.0.1+12, mixed mode, sharing, tiered, compressed oops, g1 gc, linux-amd64)
Heap:
 garbage-first heap   total 61440K, used 47410K [0x00000000fc000000, 0x0000000100000000)
  region size 1024K, 20 young (20480K), 1 survivors (1024K)
 Metaspace       used 24264K, capacity 24743K, committed 25472K, reserved 1071104K
  class space    used 2469K, capacity 2664K, committed 2944K, reserved 1048576K
GC Heap History (10 events):
Event: 2345.399 GC heap before
{Heap before GC invocations=702 (full 0):
 garbage-first heap   total 61440K, used 49367K [0x00000000fc000000, 0x0000000100000000)
  region size 1024K, 21 young (21504K), 1 survivors (1024K)
 Metaspace       used 24229K, capacity 24743K, committed 25472K, reserved 1071104K
  class space    used 2469K, capacity 2664K, committed 2944K, reserved 1048576K
}
Event: 2345.400 GC heap after
{Heap after GC invocations=703 (full 0):
 garbage-first heap   total 61440K, used 29935K [0x00000000fc000000, 0x0000000100000000)
  region size 1024K, 1 young (1024K), 1 survivors (1024K)
 Metaspace       used 24229K, capacity 24743K, committed 25472K, reserved 1071104K
  class space    used 2469K, capacity 2664K, committed 2944K, reserved 1048576K
}
Event: 2361.918 GC heap before
{Heap before GC invocations=703 (full 0):
 garbage-first heap   total 61440K, used 49391K [0x00000000fc000000, 0x0000000100000000)
  region size 1024K, 21 young (21504K), 1 survivors (1024K)
 Metaspace       used 24229K, capacity 24743K, committed 25472K, reserved 1071104K
  class space    used 2469K, capacity 2664K, committed 2944K, reserved 1048576K
}
Event: 2361.919 GC heap after
{Heap after GC invocations=704 (full 0):
 garbage-first heap   total 61440K, used 30010K [0x00000000fc000000, 0x0000000100000000)
  region size 1024K, 1 young (1024K), 1 survivors (1024K)
 Metaspace       used 24229K, capacity 24743K, committed 25472K, reserved 1071104K
  class space    used 2469K, capacity 2664K, committed 2944K, reserved 1048576K
}
Event: 2405.405 GC heap before
{Heap before GC invocations=704 (full 0):
 garbage-first heap   total 61440K, used 49466K [0x00000000fc000000, 0x0000000100000000)
  region size 1024K, 21 young (21504K), 1 survivors (1024K)
 Metaspace       used 24229K, capacity 24743K, committed 25472K, reserved 1071104K
  class space    used 2469K, capacity 2664K, committed 2944K, reserved 1048576K
}
Event: 2405.406 GC heap after
{Heap after GC invocations=705 (full 0):
 garbage-first heap   total 61440K, used 29944K [0x00000000fc000000, 0x0000000100000000)
  region size 1024K, 1 young (1024K), 1 survivors (1024K)
 Metaspace       used 24229K, capacity 24743K, committed 25472K, reserved 1071104K
  class space    used 2469K, capacity 2664K, committed 2944K, reserved 1048576K
}
Event: 2465.404 GC heap before
{Heap before GC invocations=705 (full 0):
 garbage-first heap   total 61440K, used 49400K [0x00000000fc000000, 0x0000000100000000)
  region size 1024K, 21 young (21504K), 1 survivors (1024K)
 Metaspace       used 24230K, capacity 24743K, committed 25472K, reserved 1071104K
  class space    used 2469K, capacity 2664K, committed 2944K, reserved 1048576K
}
Event: 2465.405 GC heap after
{Heap after GC invocations=706 (full 0):
 garbage-first heap   total 61440K, used 29938K [0x00000000fc000000, 0x0000000100000000)
  region size 1024K, 1 young (1024K), 1 survivors (1024K)
 Metaspace       used 24230K, capacity 24743K, committed 25472K, reserved 1071104K
  class space    used 2469K, capacity 2664K, committed 2944K, reserved 1048576K
}
Event: 2525.399 GC heap before
{Heap before GC invocations=706 (full 0):
 garbage-first heap   total 61440K, used 49394K [0x00000000fc000000, 0x0000000100000000)
  region size 1024K, 21 young (21504K), 1 survivors (1024K)
 Metaspace       used 24241K, capacity 24743K, committed 25472K, reserved 1071104K
  class space    used 2469K, capacity 2664K, committed 2944K, reserved 1048576K
}
Event: 2525.399 GC heap after
{Heap after GC invocations=707 (full 0):
 garbage-first heap   total 61440K, used 30002K [0x00000000fc000000, 0x0000000100000000)
  region size 1024K, 1 young (1024K), 1 survivors (1024K)
 Metaspace       used 24241K, capacity 24743K, committed 25472K, reserved 1071104K
  class space    used 2469K, capacity 2664K, committed 2944K, reserved 1048576K
}

